Watching for file changes with StatReloader
"GET / HTTP/1.1" 200 65068
"GET /static/images/fixedwidth%20mathi%20ko.png HTTP/1.1" 304 0
"GET /media/static/images/sliderasda.png HTTP/1.1" 304 0
"GET /media/static/images/nayaslider.png HTTP/1.1" 304 0
"GET /media/static/images/electricain.png HTTP/1.1" 304 0
"GET /media/static/images/plumber.png HTTP/1.1" 304 0
"GET /static/images/logo.png HTTP/1.1" 304 0
"GET /media/static/images/painter.png HTTP/1.1" 304 0
"GET /media/static/images/furniture.png HTTP/1.1" 304 0
"GET /media/static/images/conditioniong.png HTTP/1.1" 304 0
"GET /media/static/images/repairmen.png HTTP/1.1" 304 0
"GET /media/static/images/carpenter.png HTTP/1.1" 304 0
"GET /media/static/images/mechanic.png HTTP/1.1" 304 0
"GET /media/static/images/infophoto.png HTTP/1.1" 304 0
"GET /media/static/images/bichtirakonestfixer.png HTTP/1.1" 304 0
"GET /items/new/ HTTP/1.1" 302 0
"GET /login/?next=/items/new/ HTTP/1.1" 200 16902
"GET /items/ HTTP/1.1" 200 20009
"GET /login/ HTTP/1.1" 200 16902
"POST /login/ HTTP/1.1" 302 0
"GET / HTTP/1.1" 200 67897
User logged out: admin (ID: 10) from IP: 127.0.0.1
"GET /logout/ HTTP/1.1" 302 0
"GET /login/ HTTP/1.1" 200 16902
"POST /login/ HTTP/1.1" 302 0
"GET / HTTP/1.1" 200 67897
User logged out: admin (ID: 10) from IP: 127.0.0.1
"GET /logout/ HTTP/1.1" 302 0
"GET /login/ HTTP/1.1" 200 16902
"GET / HTTP/1.1" 200 65068
Watching for file changes with StatReloader
Watching for file changes with StatReloader
"GET / HTTP/1.1" 200 65068
Watching for file changes with StatReloader
Watching for file changes with StatReloader
"GET / HTTP/1.1" 200 65068
"GET /media/static/images/sliderasda.png HTTP/1.1" 304 0
"GET /static/images/fixedwidth%20mathi%20ko.png HTTP/1.1" 304 0
"GET /media/static/images/nayaslider.png HTTP/1.1" 304 0
"GET /media/static/images/infophoto.png HTTP/1.1" 304 0
"GET /media/static/images/bichtirakonestfixer.png HTTP/1.1" 304 0
"GET /items/ HTTP/1.1" 200 20009
Watching for file changes with StatReloader
C:\Users\Acer\Downloads\Security\Security\nestfixer\settings.py changed, reloading.
Watching for file changes with StatReloader
Watching for file changes with StatReloader
"GET / HTTP/1.1" 200 65068
"GET /media/static/images/sliderasda.png HTTP/1.1" 200 159420
"GET /static/images/fixedwidth%20mathi%20ko.png HTTP/1.1" 200 601650
"GET /media/static/images/electricain.png HTTP/1.1" 200 32740
"GET /media/static/images/nayaslider.png HTTP/1.1" 200 437127
"GET /media/static/images/plumber.png HTTP/1.1" 200 23260
"GET /static/images/logo.png HTTP/1.1" 200 41336
"GET /media/static/images/painter.png HTTP/1.1" 200 25145
"GET /media/static/images/furniture.png HTTP/1.1" 200 25182
"GET /media/static/images/conditioniong.png HTTP/1.1" 200 27700
"GET /media/static/images/carpenter.png HTTP/1.1" 200 25348
"GET /media/static/images/repairmen.png HTTP/1.1" 200 28057
"GET /media/static/images/mechanic.png HTTP/1.1" 200 28804
"GET /media/static/images/infophoto.png HTTP/1.1" 200 80170
"GET /media/static/images/bichtirakonestfixer.png HTTP/1.1" 200 96309
Not Found: /favicon.ico
"GET /favicon.ico HTTP/1.1" 404 5219
"GET /items/ HTTP/1.1" 200 20009
"GET /login/ HTTP/1.1" 200 16902
"GET /signup/ HTTP/1.1" 200 17317
"GET /login/ HTTP/1.1" 200 16902
Watching for file changes with StatReloader
"GET / HTTP/1.1" 200 65064
"GET /static/images/fixedwidth%20mathi%20ko.png HTTP/1.1" 304 0
"GET /media/static/images/sliderasda.png HTTP/1.1" 304 0
"GET /media/static/images/nayaslider.png HTTP/1.1" 304 0
"GET /media/static/images/electricain.png HTTP/1.1" 304 0
"GET /media/static/images/plumber.png HTTP/1.1" 304 0
"GET /media/static/images/plumber.png HTTP/1.1" 200 23260
"GET /media/static/images/electricain.png HTTP/1.1" 200 32740
"GET /media/static/images/sliderasda.png HTTP/1.1" 200 159420
"GET /media/static/images/nayaslider.png HTTP/1.1" 200 437127
"GET /static/images/fixedwidth%20mathi%20ko.png HTTP/1.1" 200 601650
"GET / HTTP/1.1" 200 65064
"GET / HTTP/1.1" 200 65064
"GET /login/ HTTP/1.1" 200 16901
"GET /static/images/logo.png HTTP/1.1" 304 0
"GET /static/images/logo.png HTTP/1.1" 200 41336
"GET / HTTP/1.1" 200 65064
"GET /media/static/images/furniture.png HTTP/1.1" 304 0
"GET /media/static/images/conditioniong.png HTTP/1.1" 304 0
"GET /media/static/images/painter.png HTTP/1.1" 304 0
"GET /media/static/images/carpenter.png HTTP/1.1" 304 0
"GET /media/static/images/repairmen.png HTTP/1.1" 304 0
"GET /media/static/images/mechanic.png HTTP/1.1" 304 0
"GET /media/static/images/conditioniong.png HTTP/1.1" 200 27700
"GET /media/static/images/infophoto.png HTTP/1.1" 304 0
"GET /media/static/images/painter.png HTTP/1.1" 200 25145
"GET /media/static/images/furniture.png HTTP/1.1" 200 25182
"GET /media/static/images/mechanic.png HTTP/1.1" 200 28804
"GET /media/static/images/carpenter.png HTTP/1.1" 200 25348
"GET /media/static/images/repairmen.png HTTP/1.1" 200 28057
"GET /media/static/images/bichtirakonestfixer.png HTTP/1.1" 304 0
"GET /media/static/images/infophoto.png HTTP/1.1" 200 80170
"GET /media/static/images/bichtirakonestfixer.png HTTP/1.1" 200 96309
"GET /login/ HTTP/1.1" 200 16901
"POST /login/ HTTP/1.1" 200 17353
"POST /login/ HTTP/1.1" 200 17353
"POST /login/ HTTP/1.1" 200 17353
"POST /login/ HTTP/1.1" 200 17353
Too Many Requests: /login/
"POST /login/ HTTP/1.1" 429 64
Too Many Requests: /login/
"POST /login/ HTTP/1.1" 429 64
Too Many Requests: /login/
"POST /login/ HTTP/1.1" 429 64
Too Many Requests: /login/
"POST /login/ HTTP/1.1" 429 64
Too Many Requests: /login/
"POST /login/ HTTP/1.1" 429 64
Too Many Requests: /login/
"POST /login/ HTTP/1.1" 429 64
Too Many Requests: /login/
"POST /login/ HTTP/1.1" 429 64
Too Many Requests: /login/
"POST /login/ HTTP/1.1" 429 64
Too Many Requests: /login/
"POST /login/ HTTP/1.1" 429 64
Too Many Requests: /login/
"POST /login/ HTTP/1.1" 429 64
Too Many Requests: /login/
"POST /login/ HTTP/1.1" 429 64
Too Many Requests: /login/
"POST /login/ HTTP/1.1" 429 64
Too Many Requests: /login/
"POST /login/ HTTP/1.1" 429 64
Too Many Requests: /login/
"POST /login/ HTTP/1.1" 429 64
Too Many Requests: /login/
"POST /login/ HTTP/1.1" 429 64
Too Many Requests: /login/
"POST /login/ HTTP/1.1" 429 64
Too Many Requests: /login/
"POST /login/ HTTP/1.1" 429 64
Too Many Requests: /login/
"POST /login/ HTTP/1.1" 429 64
Too Many Requests: /login/
"POST /login/ HTTP/1.1" 429 64
Too Many Requests: /login/
"POST /login/ HTTP/1.1" 429 64
Too Many Requests: /login/
"POST /login/ HTTP/1.1" 429 64
Too Many Requests: /login/
"POST /login/ HTTP/1.1" 429 64
Too Many Requests: /login/
"POST /login/ HTTP/1.1" 429 64
Too Many Requests: /login/
"POST /login/ HTTP/1.1" 429 64
Too Many Requests: /login/
"POST /login/ HTTP/1.1" 429 64
Too Many Requests: /login/
"POST /login/ HTTP/1.1" 429 64
Too Many Requests: /login/
"POST /login/ HTTP/1.1" 429 64
Too Many Requests: /login/
"POST /login/ HTTP/1.1" 429 64
Too Many Requests: /login/
"POST /login/ HTTP/1.1" 429 64
Too Many Requests: /login/
"POST /login/ HTTP/1.1" 429 64
Too Many Requests: /login/
"POST /login/ HTTP/1.1" 429 64
Too Many Requests: /login/
"POST /login/ HTTP/1.1" 429 64
Too Many Requests: /login/
"POST /login/ HTTP/1.1" 429 64
Too Many Requests: /login/
"POST /login/ HTTP/1.1" 429 64
Too Many Requests: /login/
"POST /login/ HTTP/1.1" 429 64
Too Many Requests: /login/
"POST /login/ HTTP/1.1" 429 64
Too Many Requests: /login/
"POST /login/ HTTP/1.1" 429 64
Too Many Requests: /login/
"POST /login/ HTTP/1.1" 429 64
Too Many Requests: /login/
"POST /login/ HTTP/1.1" 429 64
Too Many Requests: /login/
"POST /login/ HTTP/1.1" 429 64
Too Many Requests: /login/
"POST /login/ HTTP/1.1" 429 64
Too Many Requests: /login/
"POST /login/ HTTP/1.1" 429 64
Too Many Requests: /login/
"POST /login/ HTTP/1.1" 429 64
Too Many Requests: /login/
"POST /login/ HTTP/1.1" 429 64
Too Many Requests: /login/
"POST /login/ HTTP/1.1" 429 64
Too Many Requests: /login/
"POST /login/ HTTP/1.1" 429 64
Too Many Requests: /login/
"POST /login/ HTTP/1.1" 429 64
Too Many Requests: /login/
"POST /login/ HTTP/1.1" 429 64
Too Many Requests: /login/
"POST /login/ HTTP/1.1" 429 64
Too Many Requests: /login/
"POST /login/ HTTP/1.1" 429 64
Too Many Requests: /login/
"POST /login/ HTTP/1.1" 429 64
Too Many Requests: /login/
"POST /login/ HTTP/1.1" 429 64
Too Many Requests: /login/
"POST /login/ HTTP/1.1" 429 64
Too Many Requests: /login/
"POST /login/ HTTP/1.1" 429 64
Too Many Requests: /login/
"POST /login/ HTTP/1.1" 429 64
Too Many Requests: /login/
"POST /login/ HTTP/1.1" 429 64
Too Many Requests: /login/
"POST /login/ HTTP/1.1" 429 64
Too Many Requests: /login/
"POST /login/ HTTP/1.1" 429 64
Too Many Requests: /login/
"POST /login/ HTTP/1.1" 429 64
Too Many Requests: /login/
"POST /login/ HTTP/1.1" 429 64
Too Many Requests: /login/
"POST /login/ HTTP/1.1" 429 64
Too Many Requests: /login/
"POST /login/ HTTP/1.1" 429 64
Too Many Requests: /login/
"POST /login/ HTTP/1.1" 429 64
Too Many Requests: /login/
"POST /login/ HTTP/1.1" 429 64
Too Many Requests: /login/
"POST /login/ HTTP/1.1" 429 64
Too Many Requests: /login/
"POST /login/ HTTP/1.1" 429 64
Too Many Requests: /login/
"POST /login/ HTTP/1.1" 429 64
Too Many Requests: /login/
"POST /login/ HTTP/1.1" 429 64
Too Many Requests: /login/
"POST /login/ HTTP/1.1" 429 64
Too Many Requests: /login/
"POST /login/ HTTP/1.1" 429 64
Too Many Requests: /login/
"POST /login/ HTTP/1.1" 429 64
Too Many Requests: /login/
"POST /login/ HTTP/1.1" 429 64
Too Many Requests: /login/
"POST /login/ HTTP/1.1" 429 64
Too Many Requests: /login/
"POST /login/ HTTP/1.1" 429 64
Too Many Requests: /login/
"POST /login/ HTTP/1.1" 429 64
Too Many Requests: /login/
"POST /login/ HTTP/1.1" 429 64
Too Many Requests: /login/
"POST /login/ HTTP/1.1" 429 64
Too Many Requests: /login/
"POST /login/ HTTP/1.1" 429 64
Too Many Requests: /login/
"POST /login/ HTTP/1.1" 429 64
Too Many Requests: /login/
"POST /login/ HTTP/1.1" 429 64
Too Many Requests: /login/
"POST /login/ HTTP/1.1" 429 64
Too Many Requests: /login/
"POST /login/ HTTP/1.1" 429 64
Too Many Requests: /login/
"POST /login/ HTTP/1.1" 429 64
Too Many Requests: /login/
"POST /login/ HTTP/1.1" 429 64
Too Many Requests: /login/
"POST /login/ HTTP/1.1" 429 64
Too Many Requests: /login/
"POST /login/ HTTP/1.1" 429 64
Too Many Requests: /login/
"POST /login/ HTTP/1.1" 429 64
Too Many Requests: /login/
"POST /login/ HTTP/1.1" 429 64
Too Many Requests: /login/
"POST /login/ HTTP/1.1" 429 64
Too Many Requests: /login/
"POST /login/ HTTP/1.1" 429 64
Too Many Requests: /login/
"POST /login/ HTTP/1.1" 429 64
Too Many Requests: /login/
"POST /login/ HTTP/1.1" 429 64
Too Many Requests: /login/
"POST /login/ HTTP/1.1" 429 64
Too Many Requests: /login/
"POST /login/ HTTP/1.1" 429 64
Too Many Requests: /login/
"POST /login/ HTTP/1.1" 429 64
Too Many Requests: /login/
"POST /login/ HTTP/1.1" 429 64
Too Many Requests: /login/
"POST /login/ HTTP/1.1" 429 64
Too Many Requests: /login/
"POST /login/ HTTP/1.1" 429 64
Too Many Requests: /login/
"POST /login/ HTTP/1.1" 429 64
Too Many Requests: /login/
"POST /login/ HTTP/1.1" 429 64
Too Many Requests: /login/
"POST /login/ HTTP/1.1" 429 64
Too Many Requests: /login/
"POST /login/ HTTP/1.1" 429 64
Too Many Requests: /login/
"POST /login/ HTTP/1.1" 429 64
Too Many Requests: /login/
"POST /login/ HTTP/1.1" 429 64
Too Many Requests: /login/
"POST /login/ HTTP/1.1" 429 64
Too Many Requests: /login/
"POST /login/ HTTP/1.1" 429 64
Too Many Requests: /login/
"POST /login/ HTTP/1.1" 429 64
Too Many Requests: /login/
"POST /login/ HTTP/1.1" 429 64
Too Many Requests: /login/
"POST /login/ HTTP/1.1" 429 64
Too Many Requests: /login/
"POST /login/ HTTP/1.1" 429 64
Too Many Requests: /login/
"POST /login/ HTTP/1.1" 429 64
Too Many Requests: /login/
"POST /login/ HTTP/1.1" 429 64
Too Many Requests: /login/
"POST /login/ HTTP/1.1" 429 64
Too Many Requests: /login/
"POST /login/ HTTP/1.1" 429 64
Too Many Requests: /login/
"POST /login/ HTTP/1.1" 429 64
Too Many Requests: /login/
"POST /login/ HTTP/1.1" 429 64
Too Many Requests: /login/
"POST /login/ HTTP/1.1" 429 64
Too Many Requests: /login/
"POST /login/ HTTP/1.1" 429 64
Too Many Requests: /login/
"POST /login/ HTTP/1.1" 429 64
Too Many Requests: /login/
"POST /login/ HTTP/1.1" 429 64
Too Many Requests: /login/
"POST /login/ HTTP/1.1" 429 64
Too Many Requests: /login/
"POST /login/ HTTP/1.1" 429 64
Too Many Requests: /login/
"POST /login/ HTTP/1.1" 429 64
Too Many Requests: /login/
"POST /login/ HTTP/1.1" 429 64
Too Many Requests: /login/
"POST /login/ HTTP/1.1" 429 64
Too Many Requests: /login/
"POST /login/ HTTP/1.1" 429 64
Too Many Requests: /login/
"POST /login/ HTTP/1.1" 429 64
Too Many Requests: /login/
"POST /login/ HTTP/1.1" 429 64
Too Many Requests: /login/
"POST /login/ HTTP/1.1" 429 64
Too Many Requests: /login/
"POST /login/ HTTP/1.1" 429 64
Too Many Requests: /login/
"POST /login/ HTTP/1.1" 429 64
Too Many Requests: /login/
"POST /login/ HTTP/1.1" 429 64
Too Many Requests: /login/
"POST /login/ HTTP/1.1" 429 64
Too Many Requests: /login/
"POST /login/ HTTP/1.1" 429 64
Too Many Requests: /login/
"POST /login/ HTTP/1.1" 429 64
Too Many Requests: /login/
"POST /login/ HTTP/1.1" 429 64
"GET /login/ HTTP/1.1" 200 16901
Too Many Requests: /login/
"POST /login/ HTTP/1.1" 429 64
"GET / HTTP/1.1" 200 65064
"GET /login/ HTTP/1.1" 200 16901
Too Many Requests: /login/
"POST /login/ HTTP/1.1" 429 64
Too Many Requests: /login/
"POST /login/ HTTP/1.1" 429 64
Too Many Requests: /login/
"POST /login/ HTTP/1.1" 429 64
Too Many Requests: /login/
"POST /login/ HTTP/1.1" 429 64
"GET /login/ HTTP/1.1" 200 16901
Too Many Requests: /login/
"POST /login/ HTTP/1.1" 429 64
Too Many Requests: /login/
"POST /login/ HTTP/1.1" 429 64
Too Many Requests: /login/
"POST /login/ HTTP/1.1" 429 64
Too Many Requests: /login/
"POST /login/ HTTP/1.1" 429 64
"GET /login/ HTTP/1.1" 200 16901
"GET /static/images/logo.png HTTP/1.1" 200 41336
"GET / HTTP/1.1" 200 65064
"GET /media/static/images/sliderasda.png HTTP/1.1" 200 159420
"GET /static/images/fixedwidth%20mathi%20ko.png HTTP/1.1" 200 601650
"GET /media/static/images/painter.png HTTP/1.1" 200 25145
"GET /media/static/images/furniture.png HTTP/1.1" 200 25182
"GET /media/static/images/plumber.png HTTP/1.1" 200 23260
"GET /media/static/images/electricain.png HTTP/1.1" 200 32740
"GET /media/static/images/nayaslider.png HTTP/1.1" 200 437127
"GET /media/static/images/conditioniong.png HTTP/1.1" 200 27700
"GET /media/static/images/carpenter.png HTTP/1.1" 200 25348
"GET /media/static/images/bichtirakonestfixer.png HTTP/1.1" 200 96309
"GET /media/static/images/repairmen.png HTTP/1.1" 200 28057
"GET /media/static/images/infophoto.png HTTP/1.1" 200 80170
"GET /media/static/images/mechanic.png HTTP/1.1" 200 28804
Too Many Requests: /login/
"POST /login/ HTTP/1.1" 429 64
Too Many Requests: /login/
"POST /login/ HTTP/1.1" 429 64
Too Many Requests: /login/
"POST /login/ HTTP/1.1" 429 64
Too Many Requests: /login/
"POST /login/ HTTP/1.1" 429 64
"GET /login/ HTTP/1.1" 200 16901
"GET /signup/ HTTP/1.1" 200 17316
Too Many Requests: /login/
"POST /login/ HTTP/1.1" 429 64
"GET / HTTP/1.1" 200 65064
Too Many Requests: /login/
"POST /login/ HTTP/1.1" 429 64
"GET / HTTP/1.1" 200 65064
"GET / HTTP/1.1" 200 65064
Watching for file changes with StatReloader
Too Many Requests: /login/
"POST /login/ HTTP/1.1" 429 64
Too Many Requests: /login/
"POST /login/ HTTP/1.1" 429 64
"GET / HTTP/1.1" 200 65064
Too Many Requests: /login/
"POST /login/ HTTP/1.1" 429 64
"GET /login/ HTTP/1.1" 200 16901
Too Many Requests: /login/
"POST /login/ HTTP/1.1" 429 64
Too Many Requests: /login/
"POST /login/ HTTP/1.1" 429 64
Too Many Requests: /login/
"POST /login/ HTTP/1.1" 429 64
Too Many Requests: /login/
"POST /login/ HTTP/1.1" 429 64
Too Many Requests: /login/
"POST /login/ HTTP/1.1" 429 64
Too Many Requests: /login/
"POST /login/ HTTP/1.1" 429 64
"GET /login/ HTTP/1.1" 200 16901
Too Many Requests: /login/
"POST /login/ HTTP/1.1" 429 64
"GET /login/ HTTP/1.1" 200 16901
Too Many Requests: /login/
"POST /login/ HTTP/1.1" 429 64
Too Many Requests: /login/
"POST /login/ HTTP/1.1" 429 64
Too Many Requests: /login/
"POST /login/ HTTP/1.1" 429 64
Too Many Requests: /login/
"POST /login/ HTTP/1.1" 429 64
Too Many Requests: /login/
"POST /login/ HTTP/1.1" 429 64
Too Many Requests: /login/
"POST /login/ HTTP/1.1" 429 64
Watching for file changes with StatReloader
Too Many Requests: /login/
"POST /login/ HTTP/1.1" 429 64
Too Many Requests: /login/
"POST /login/ HTTP/1.1" 429 64
Too Many Requests: /login/
"POST /login/ HTTP/1.1" 429 64
Too Many Requests: /login/
"POST /login/ HTTP/1.1" 429 64
Too Many Requests: /login/
"POST /login/ HTTP/1.1" 429 64
Too Many Requests: /login/
"POST /login/ HTTP/1.1" 429 64
Too Many Requests: /login/
"POST /login/ HTTP/1.1" 429 64
Too Many Requests: /login/
"POST /login/ HTTP/1.1" 429 64
Too Many Requests: /login/
"POST /login/ HTTP/1.1" 429 64
Too Many Requests: /login/
"POST /login/ HTTP/1.1" 429 64
Too Many Requests: /login/
"POST /login/ HTTP/1.1" 429 64
Too Many Requests: /login/
"POST /login/ HTTP/1.1" 429 64
Too Many Requests: /login/
"POST /login/ HTTP/1.1" 429 64
Too Many Requests: /login/
"POST /login/ HTTP/1.1" 429 64
"GET /login/ HTTP/1.1" 200 16901
Too Many Requests: /login/
"POST /login/ HTTP/1.1" 429 64
Too Many Requests: /login/
"POST /login/ HTTP/1.1" 429 64
Too Many Requests: /login/
"POST /login/ HTTP/1.1" 429 64
Too Many Requests: /login/
"POST /login/ HTTP/1.1" 429 64
Too Many Requests: /login/
"POST /login/ HTTP/1.1" 429 64
Too Many Requests: /login/
"POST /login/ HTTP/1.1" 429 64
Too Many Requests: /login/
"POST /login/ HTTP/1.1" 429 64
Too Many Requests: /login/
"POST /login/ HTTP/1.1" 429 64
Too Many Requests: /login/
"POST /login/ HTTP/1.1" 429 64
Too Many Requests: /login/
"POST /login/ HTTP/1.1" 429 64
Too Many Requests: /login/
"POST /login/ HTTP/1.1" 429 64
Too Many Requests: /login/
"POST /login/ HTTP/1.1" 429 64
"GET /login/ HTTP/1.1" 200 16901
Too Many Requests: /login/
"POST /login/ HTTP/1.1" 429 64
Too Many Requests: /login/
"POST /login/ HTTP/1.1" 429 64
"POST /login/ HTTP/1.1" 200 17353
Too Many Requests: /login/
"POST /login/ HTTP/1.1" 429 64
"POST /login/ HTTP/1.1" 200 17353
Too Many Requests: /login/
"POST /login/ HTTP/1.1" 429 64
Too Many Requests: /login/
"POST /login/ HTTP/1.1" 429 64
Too Many Requests: /login/
"POST /login/ HTTP/1.1" 429 64
Too Many Requests: /login/
"POST /login/ HTTP/1.1" 429 64
Too Many Requests: /login/
Too Many Requests: /login/
"POST /login/ HTTP/1.1" 429 64
Too Many Requests: /login/
"POST /login/ HTTP/1.1" 429 64
"POST /login/ HTTP/1.1" 429 64
Too Many Requests: /login/
"POST /login/ HTTP/1.1" 429 64
Too Many Requests: /login/
"POST /login/ HTTP/1.1" 429 64
Too Many Requests: /login/
"POST /login/ HTTP/1.1" 429 64
Too Many Requests: /login/
"POST /login/ HTTP/1.1" 429 64
Too Many Requests: /login/
"POST /login/ HTTP/1.1" 429 64
"GET /reset_password/ HTTP/1.1" 200 15491
Too Many Requests: /login/
"POST /login/ HTTP/1.1" 429 64
"GET /login/ HTTP/1.1" 200 16901
Too Many Requests: /login/
"POST /login/ HTTP/1.1" 429 64
"GET /signup/ HTTP/1.1" 200 17316
"GET /login/ HTTP/1.1" 200 16901
"GET /signup/ HTTP/1.1" 200 17316
Too Many Requests: /login/
"POST /login/ HTTP/1.1" 429 64
Too Many Requests: /login/
"POST /login/ HTTP/1.1" 429 64
Too Many Requests: /login/
"POST /login/ HTTP/1.1" 429 64
Too Many Requests: /login/
"POST /login/ HTTP/1.1" 429 64
Too Many Requests: /login/
"POST /login/ HTTP/1.1" 429 64
Too Many Requests: /login/
"POST /login/ HTTP/1.1" 429 64
Too Many Requests: /login/
"POST /login/ HTTP/1.1" 429 64
Too Many Requests: /login/
"POST /login/ HTTP/1.1" 429 64
Too Many Requests: /login/
"POST /login/ HTTP/1.1" 429 64
Too Many Requests: /login/
"POST /login/ HTTP/1.1" 429 64
Too Many Requests: /login/
"POST /login/ HTTP/1.1" 429 64
"POST /signup/ HTTP/1.1" 200 17884
Too Many Requests: /login/
"POST /login/ HTTP/1.1" 429 64
New user registered: suvam1 (ID: 12) from IP: 192.168.10.66
"POST /signup/ HTTP/1.1" 302 0
"GET /login HTTP/1.1" 301 0
"GET /login/ HTTP/1.1" 200 16901
Too Many Requests: /login/
"POST /login/ HTTP/1.1" 429 64
Too Many Requests: /login/
"POST /login/ HTTP/1.1" 429 64
Too Many Requests: /login/
"POST /login/ HTTP/1.1" 429 64
Too Many Requests: /login/
"POST /login/ HTTP/1.1" 429 64
Too Many Requests: /login/
"POST /login/ HTTP/1.1" 429 64
Too Many Requests: /login/
"POST /login/ HTTP/1.1" 429 64
Too Many Requests: /login/
"POST /login/ HTTP/1.1" 429 64
Too Many Requests: /login/
"POST /login/ HTTP/1.1" 429 64
Too Many Requests: /login/
"POST /login/ HTTP/1.1" 429 64
Too Many Requests: /login/
"POST /login/ HTTP/1.1" 429 64
Too Many Requests: /login/
"POST /login/ HTTP/1.1" 429 64
Too Many Requests: /login/
"POST /login/ HTTP/1.1" 429 64
Too Many Requests: /login/
"POST /login/ HTTP/1.1" 429 64
Too Many Requests: /login/
"POST /login/ HTTP/1.1" 429 64
Too Many Requests: /login/
"POST /login/ HTTP/1.1" 429 64
Too Many Requests: /login/
"POST /login/ HTTP/1.1" 429 64
Too Many Requests: /login/
"POST /login/ HTTP/1.1" 429 64
Too Many Requests: /login/
"POST /login/ HTTP/1.1" 429 64
Too Many Requests: /login/
"POST /login/ HTTP/1.1" 429 64
Too Many Requests: /login/
"POST /login/ HTTP/1.1" 429 64
Too Many Requests: /login/
"POST /login/ HTTP/1.1" 429 64
Too Many Requests: /login/
"POST /login/ HTTP/1.1" 429 64
Too Many Requests: /login/
"POST /login/ HTTP/1.1" 429 64
Too Many Requests: /login/
"POST /login/ HTTP/1.1" 429 64
Too Many Requests: /login/
"POST /login/ HTTP/1.1" 429 64
Too Many Requests: /login/
"POST /login/ HTTP/1.1" 429 64
Too Many Requests: /login/
"POST /login/ HTTP/1.1" 429 64
Too Many Requests: /login/
"POST /login/ HTTP/1.1" 429 64
Too Many Requests: /login/
"POST /login/ HTTP/1.1" 429 64
Too Many Requests: /login/
"POST /login/ HTTP/1.1" 429 64
Too Many Requests: /login/
"POST /login/ HTTP/1.1" 429 64
Too Many Requests: /login/
"POST /login/ HTTP/1.1" 429 64
Too Many Requests: /login/
"POST /login/ HTTP/1.1" 429 64
Too Many Requests: /login/
"POST /login/ HTTP/1.1" 429 64
Too Many Requests: /login/
"POST /login/ HTTP/1.1" 429 64
Too Many Requests: /login/
"POST /login/ HTTP/1.1" 429 64
Too Many Requests: /login/
"POST /login/ HTTP/1.1" 429 64
Too Many Requests: /login/
"POST /login/ HTTP/1.1" 429 64
Too Many Requests: /login/
"POST /login/ HTTP/1.1" 429 64
Too Many Requests: /login/
"POST /login/ HTTP/1.1" 429 64
Too Many Requests: /login/
"POST /login/ HTTP/1.1" 429 64
Too Many Requests: /login/
"POST /login/ HTTP/1.1" 429 64
Too Many Requests: /login/
"POST /login/ HTTP/1.1" 429 64
Too Many Requests: /login/
"POST /login/ HTTP/1.1" 429 64
Too Many Requests: /login/
"POST /login/ HTTP/1.1" 429 64
Too Many Requests: /login/
"POST /login/ HTTP/1.1" 429 64
Too Many Requests: /login/
"POST /login/ HTTP/1.1" 429 64
Too Many Requests: /login/
"POST /login/ HTTP/1.1" 429 64
Too Many Requests: /login/
"POST /login/ HTTP/1.1" 429 64
Too Many Requests: /login/
"POST /login/ HTTP/1.1" 429 64
Too Many Requests: /login/
"POST /login/ HTTP/1.1" 429 64
Too Many Requests: /login/
"POST /login/ HTTP/1.1" 429 64
Too Many Requests: /login/
"POST /login/ HTTP/1.1" 429 64
Too Many Requests: /login/
"POST /login/ HTTP/1.1" 429 64
Too Many Requests: /login/
"POST /login/ HTTP/1.1" 429 64
Too Many Requests: /login/
"POST /login/ HTTP/1.1" 429 64
Too Many Requests: /login/
"POST /login/ HTTP/1.1" 429 64
Too Many Requests: /login/
"POST /login/ HTTP/1.1" 429 64
Too Many Requests: /login/
"POST /login/ HTTP/1.1" 429 64
Too Many Requests: /login/
"POST /login/ HTTP/1.1" 429 64
Too Many Requests: /login/
"POST /login/ HTTP/1.1" 429 64
Too Many Requests: /login/
"POST /login/ HTTP/1.1" 429 64
Too Many Requests: /login/
"POST /login/ HTTP/1.1" 429 64
Too Many Requests: /login/
"POST /login/ HTTP/1.1" 429 64
Too Many Requests: /login/
"POST /login/ HTTP/1.1" 429 64
Too Many Requests: /login/
"POST /login/ HTTP/1.1" 429 64
Too Many Requests: /login/
"POST /login/ HTTP/1.1" 429 64
Too Many Requests: /login/
"POST /login/ HTTP/1.1" 429 64
Too Many Requests: /login/
"POST /login/ HTTP/1.1" 429 64
Too Many Requests: /login/
"POST /login/ HTTP/1.1" 429 64
Too Many Requests: /login/
"POST /login/ HTTP/1.1" 429 64
Too Many Requests: /login/
"POST /login/ HTTP/1.1" 429 64
Too Many Requests: /login/
"POST /login/ HTTP/1.1" 429 64
Too Many Requests: /login/
"POST /login/ HTTP/1.1" 429 64
Too Many Requests: /login/
"POST /login/ HTTP/1.1" 429 64
Too Many Requests: /login/
"POST /login/ HTTP/1.1" 429 64
Too Many Requests: /login/
"POST /login/ HTTP/1.1" 429 64
Too Many Requests: /login/
"POST /login/ HTTP/1.1" 429 64
Too Many Requests: /login/
"POST /login/ HTTP/1.1" 429 64
Too Many Requests: /login/
"POST /login/ HTTP/1.1" 429 64
Too Many Requests: /login/
"POST /login/ HTTP/1.1" 429 64
Too Many Requests: /login/
"POST /login/ HTTP/1.1" 429 64
Too Many Requests: /login/
"POST /login/ HTTP/1.1" 429 64
Too Many Requests: /login/
"POST /login/ HTTP/1.1" 429 64
Too Many Requests: /login/
"POST /login/ HTTP/1.1" 429 64
Too Many Requests: /login/
"POST /login/ HTTP/1.1" 429 64
Too Many Requests: /login/
"POST /login/ HTTP/1.1" 429 64
Too Many Requests: /login/
"POST /login/ HTTP/1.1" 429 64
Too Many Requests: /login/
"POST /login/ HTTP/1.1" 429 64
Too Many Requests: /login/
"POST /login/ HTTP/1.1" 429 64
Too Many Requests: /login/
"POST /login/ HTTP/1.1" 429 64
Too Many Requests: /login/
"POST /login/ HTTP/1.1" 429 64
Too Many Requests: /login/
"POST /login/ HTTP/1.1" 429 64
Too Many Requests: /login/
"POST /login/ HTTP/1.1" 429 64
Too Many Requests: /login/
"POST /login/ HTTP/1.1" 429 64
Too Many Requests: /login/
"POST /login/ HTTP/1.1" 429 64
Too Many Requests: /login/
"POST /login/ HTTP/1.1" 429 64
Too Many Requests: /login/
"POST /login/ HTTP/1.1" 429 64
"POST /login/ HTTP/1.1" 200 17354
Too Many Requests: /login/
"POST /login/ HTTP/1.1" 429 64
Too Many Requests: /login/
"POST /login/ HTTP/1.1" 429 64
Too Many Requests: /login/
"POST /login/ HTTP/1.1" 429 64
Too Many Requests: /login/
"POST /login/ HTTP/1.1" 429 64
Too Many Requests: /login/
"POST /login/ HTTP/1.1" 429 64
Too Many Requests: /login/
"POST /login/ HTTP/1.1" 429 64
Too Many Requests: /login/
"POST /login/ HTTP/1.1" 429 64
Too Many Requests: /login/
"POST /login/ HTTP/1.1" 429 64
Too Many Requests: /login/
"POST /login/ HTTP/1.1" 429 64
Too Many Requests: /login/
"POST /login/ HTTP/1.1" 429 64
Too Many Requests: /login/
"POST /login/ HTTP/1.1" 429 64
Too Many Requests: /login/
"POST /login/ HTTP/1.1" 429 64
Too Many Requests: /login/
"POST /login/ HTTP/1.1" 429 64
Too Many Requests: /login/
"POST /login/ HTTP/1.1" 429 64
Too Many Requests: /login/
"POST /login/ HTTP/1.1" 429 64
Too Many Requests: /login/
"POST /login/ HTTP/1.1" 429 64
Too Many Requests: /login/
"POST /login/ HTTP/1.1" 429 64
Too Many Requests: /login/
"POST /login/ HTTP/1.1" 429 64
Too Many Requests: /login/
"POST /login/ HTTP/1.1" 429 64
Too Many Requests: /login/
"POST /login/ HTTP/1.1" 429 64
Too Many Requests: /login/
"POST /login/ HTTP/1.1" 429 64
Too Many Requests: /login/
"POST /login/ HTTP/1.1" 429 64
Too Many Requests: /login/
"POST /login/ HTTP/1.1" 429 64
Too Many Requests: /login/
"POST /login/ HTTP/1.1" 429 64
Too Many Requests: /login/
"POST /login/ HTTP/1.1" 429 64
Too Many Requests: /login/
"POST /login/ HTTP/1.1" 429 64
Too Many Requests: /login/
"POST /login/ HTTP/1.1" 429 64
"POST /login/ HTTP/1.1" 200 17354
"POST /login/ HTTP/1.1" 200 17298
"POST /login/ HTTP/1.1" 200 17354
"POST /login/ HTTP/1.1" 200 17354
Too Many Requests: /login/
"POST /login/ HTTP/1.1" 429 64
Too Many Requests: /login/
"POST /login/ HTTP/1.1" 429 64
Too Many Requests: /login/
"POST /login/ HTTP/1.1" 429 64
Too Many Requests: /login/
"POST /login/ HTTP/1.1" 429 64
Too Many Requests: /login/
"POST /login/ HTTP/1.1" 429 64
Too Many Requests: /login/
"POST /login/ HTTP/1.1" 429 64
Too Many Requests: /login/
"POST /login/ HTTP/1.1" 429 64
Too Many Requests: /login/
"POST /login/ HTTP/1.1" 429 64
Too Many Requests: /login/
"POST /login/ HTTP/1.1" 429 64
Too Many Requests: /login/
"POST /login/ HTTP/1.1" 429 64
Too Many Requests: /login/
"POST /login/ HTTP/1.1" 429 64
Too Many Requests: /login/
"POST /login/ HTTP/1.1" 429 64
Too Many Requests: /login/
"POST /login/ HTTP/1.1" 429 64
Too Many Requests: /login/
"POST /login/ HTTP/1.1" 429 64
Too Many Requests: /login/
"POST /login/ HTTP/1.1" 429 64
Too Many Requests: /login/
"POST /login/ HTTP/1.1" 429 64
Too Many Requests: /login/
Too Many Requests: /login/
"POST /login/ HTTP/1.1" 429 64
"POST /login/ HTTP/1.1" 429 64
Too Many Requests: /login/
"POST /login/ HTTP/1.1" 429 64
Too Many Requests: /login/
"POST /login/ HTTP/1.1" 429 64
Too Many Requests: /login/
"POST /login/ HTTP/1.1" 429 64
Too Many Requests: /login/
"POST /login/ HTTP/1.1" 429 64
Too Many Requests: /login/
"POST /login/ HTTP/1.1" 429 64
Too Many Requests: /login/
"POST /login/ HTTP/1.1" 429 64
Too Many Requests: /login/
"POST /login/ HTTP/1.1" 429 64
Too Many Requests: /login/
"POST /login/ HTTP/1.1" 429 64
Too Many Requests: /login/
"POST /login/ HTTP/1.1" 429 64
Too Many Requests: /login/
"POST /login/ HTTP/1.1" 429 64
Too Many Requests: /login/
"POST /login/ HTTP/1.1" 429 64
"GET /login/ HTTP/1.1" 200 16901
Too Many Requests: /login/
"POST /login/ HTTP/1.1" 429 64
Too Many Requests: /login/
"POST /login/ HTTP/1.1" 429 64
Too Many Requests: /login/
"POST /login/ HTTP/1.1" 429 64
Too Many Requests: /login/
"POST /login/ HTTP/1.1" 429 64
Too Many Requests: /login/
"POST /login/ HTTP/1.1" 429 64
Too Many Requests: /login/
"POST /login/ HTTP/1.1" 429 64
Too Many Requests: /login/
"POST /login/ HTTP/1.1" 429 64
Too Many Requests: /login/
"POST /login/ HTTP/1.1" 429 64
Too Many Requests: /login/
"POST /login/ HTTP/1.1" 429 64
Too Many Requests: /login/
"POST /login/ HTTP/1.1" 429 64
Too Many Requests: /login/
"POST /login/ HTTP/1.1" 429 64
Too Many Requests: /login/
"POST /login/ HTTP/1.1" 429 64
Too Many Requests: /login/
"POST /login/ HTTP/1.1" 429 64
Too Many Requests: /login/
"POST /login/ HTTP/1.1" 429 64
Too Many Requests: /login/
"POST /login/ HTTP/1.1" 429 64
Too Many Requests: /login/
"POST /login/ HTTP/1.1" 429 64
Too Many Requests: /login/
"POST /login/ HTTP/1.1" 429 64
Too Many Requests: /login/
"POST /login/ HTTP/1.1" 429 64
Too Many Requests: /login/
"POST /login/ HTTP/1.1" 429 64
Too Many Requests: /login/
"POST /login/ HTTP/1.1" 429 64
Too Many Requests: /login/
"POST /login/ HTTP/1.1" 429 64
Too Many Requests: /login/
"POST /login/ HTTP/1.1" 429 64
Too Many Requests: /login/
"POST /login/ HTTP/1.1" 429 64
Too Many Requests: /login/
"POST /login/ HTTP/1.1" 429 64
Too Many Requests: /login/
"POST /login/ HTTP/1.1" 429 64
"GET /login/ HTTP/1.1" 200 16901
"GET /login/ HTTP/1.1" 200 16901
"GET /login/ HTTP/1.1" 200 16901
Too Many Requests: /login/
"POST /login/ HTTP/1.1" 429 64
Too Many Requests: /login/
"POST /login/ HTTP/1.1" 429 64
Too Many Requests: /login/
"POST /login/ HTTP/1.1" 429 64
Too Many Requests: /login/
"POST /login/ HTTP/1.1" 429 64
Too Many Requests: /login/
"POST /login/ HTTP/1.1" 429 64
Too Many Requests: /login/
"POST /login/ HTTP/1.1" 429 64
Too Many Requests: /login/
"POST /login/ HTTP/1.1" 429 64
"GET /login/ HTTP/1.1" 200 16901
Too Many Requests: /login/
"POST /login/ HTTP/1.1" 429 64
Too Many Requests: /login/
"POST /login/ HTTP/1.1" 429 64
Too Many Requests: /login/
"POST /login/ HTTP/1.1" 429 64
Too Many Requests: /login/
"POST /login/ HTTP/1.1" 429 64
Too Many Requests: /login/
"POST /login/ HTTP/1.1" 429 64
Too Many Requests: /login/
"POST /login/ HTTP/1.1" 429 64
Too Many Requests: /login/
"POST /login/ HTTP/1.1" 429 64
Too Many Requests: /login/
"POST /login/ HTTP/1.1" 429 64
Too Many Requests: /login/
"POST /login/ HTTP/1.1" 429 64
Too Many Requests: /login/
"POST /login/ HTTP/1.1" 429 64
Too Many Requests: /login/
"POST /login/ HTTP/1.1" 429 64
Too Many Requests: /login/
"POST /login/ HTTP/1.1" 429 64
Too Many Requests: /login/
"POST /login/ HTTP/1.1" 429 64
Too Many Requests: /login/
"POST /login/ HTTP/1.1" 429 64
Too Many Requests: /login/
"POST /login/ HTTP/1.1" 429 64
Too Many Requests: /login/
"POST /login/ HTTP/1.1" 429 64
Too Many Requests: /login/
"POST /login/ HTTP/1.1" 429 64
Too Many Requests: /login/
"POST /login/ HTTP/1.1" 429 64
Too Many Requests: /login/
"POST /login/ HTTP/1.1" 429 64
Too Many Requests: /login/
"POST /login/ HTTP/1.1" 429 64
Too Many Requests: /login/
"POST /login/ HTTP/1.1" 429 64
Too Many Requests: /login/
"POST /login/ HTTP/1.1" 429 64
Too Many Requests: /login/
"POST /login/ HTTP/1.1" 429 64
Too Many Requests: /login/
"POST /login/ HTTP/1.1" 429 64
Too Many Requests: /login/
"POST /login/ HTTP/1.1" 429 64
Too Many Requests: /login/
"POST /login/ HTTP/1.1" 429 64
Too Many Requests: /login/
"POST /login/ HTTP/1.1" 429 64
Too Many Requests: /login/
"POST /login/ HTTP/1.1" 429 64
Too Many Requests: /login/
"POST /login/ HTTP/1.1" 429 64
Too Many Requests: /login/
"POST /login/ HTTP/1.1" 429 64
"GET /login/ HTTP/1.1" 200 16901
Too Many Requests: /login/
"POST /login/ HTTP/1.1" 429 64
Too Many Requests: /login/
"POST /login/ HTTP/1.1" 429 64
Too Many Requests: /login/
"POST /login/ HTTP/1.1" 429 64
Too Many Requests: /login/
"POST /login/ HTTP/1.1" 429 64
Too Many Requests: /login/
"POST /login/ HTTP/1.1" 429 64
Too Many Requests: /login/
"POST /login/ HTTP/1.1" 429 64
Too Many Requests: /login/
"POST /login/ HTTP/1.1" 429 64
Too Many Requests: /login/
"POST /login/ HTTP/1.1" 429 64
Too Many Requests: /login/
"POST /login/ HTTP/1.1" 429 64
Too Many Requests: /login/
"POST /login/ HTTP/1.1" 429 64
Too Many Requests: /login/
"POST /login/ HTTP/1.1" 429 64
Too Many Requests: /login/
"POST /login/ HTTP/1.1" 429 64
Too Many Requests: /login/
"POST /login/ HTTP/1.1" 429 64
Too Many Requests: /login/
"POST /login/ HTTP/1.1" 429 64
Too Many Requests: /login/
"POST /login/ HTTP/1.1" 429 64
Too Many Requests: /login/
"POST /login/ HTTP/1.1" 429 64
Too Many Requests: /login/
"POST /login/ HTTP/1.1" 429 64
Too Many Requests: /login/
"POST /login/ HTTP/1.1" 429 64
Too Many Requests: /login/
"POST /login/ HTTP/1.1" 429 64
Too Many Requests: /login/
"POST /login/ HTTP/1.1" 429 64
Too Many Requests: /login/
"POST /login/ HTTP/1.1" 429 64
Too Many Requests: /login/
"POST /login/ HTTP/1.1" 429 64
Too Many Requests: /login/
"POST /login/ HTTP/1.1" 429 64
Too Many Requests: /login/
"POST /login/ HTTP/1.1" 429 64
Too Many Requests: /login/
"POST /login/ HTTP/1.1" 429 64
Too Many Requests: /login/
"POST /login/ HTTP/1.1" 429 64
Too Many Requests: /login/
"POST /login/ HTTP/1.1" 429 64
Too Many Requests: /login/
"POST /login/ HTTP/1.1" 429 64
Too Many Requests: /login/
"POST /login/ HTTP/1.1" 429 64
Too Many Requests: /login/
"POST /login/ HTTP/1.1" 429 64
Too Many Requests: /login/
"POST /login/ HTTP/1.1" 429 64
Too Many Requests: /login/
"POST /login/ HTTP/1.1" 429 64
Too Many Requests: /login/
"POST /login/ HTTP/1.1" 429 64
Too Many Requests: /login/
"POST /login/ HTTP/1.1" 429 64
Too Many Requests: /login/
"POST /login/ HTTP/1.1" 429 64
Too Many Requests: /login/
"POST /login/ HTTP/1.1" 429 64
Too Many Requests: /login/
"POST /login/ HTTP/1.1" 429 64
Too Many Requests: /login/
"POST /login/ HTTP/1.1" 429 64
Too Many Requests: /login/
"POST /login/ HTTP/1.1" 429 64
Too Many Requests: /login/
"POST /login/ HTTP/1.1" 429 64
Too Many Requests: /login/
"POST /login/ HTTP/1.1" 429 64
Too Many Requests: /login/
"POST /login/ HTTP/1.1" 429 64
Too Many Requests: /login/
"POST /login/ HTTP/1.1" 429 64
Too Many Requests: /login/
"POST /login/ HTTP/1.1" 429 64
Too Many Requests: /login/
"POST /login/ HTTP/1.1" 429 64
Too Many Requests: /login/
"POST /login/ HTTP/1.1" 429 64
Too Many Requests: /login/
"POST /login/ HTTP/1.1" 429 64
Too Many Requests: /login/
"POST /login/ HTTP/1.1" 429 64
Too Many Requests: /login/
"POST /login/ HTTP/1.1" 429 64
Too Many Requests: /login/
"POST /login/ HTTP/1.1" 429 64
Too Many Requests: /login/
"POST /login/ HTTP/1.1" 429 64
Too Many Requests: /login/
"POST /login/ HTTP/1.1" 429 64
Too Many Requests: /login/
"POST /login/ HTTP/1.1" 429 64
Too Many Requests: /login/
"POST /login/ HTTP/1.1" 429 64
Too Many Requests: /login/
"POST /login/ HTTP/1.1" 429 64
Too Many Requests: /login/
"POST /login/ HTTP/1.1" 429 64
Too Many Requests: /login/
"POST /login/ HTTP/1.1" 429 64
Too Many Requests: /login/
"POST /login/ HTTP/1.1" 429 64
Too Many Requests: /login/
"POST /login/ HTTP/1.1" 429 64
Too Many Requests: /login/
"POST /login/ HTTP/1.1" 429 64
Too Many Requests: /login/
"POST /login/ HTTP/1.1" 429 64
Too Many Requests: /login/
"POST /login/ HTTP/1.1" 429 64
Too Many Requests: /login/
"POST /login/ HTTP/1.1" 429 64
Too Many Requests: /login/
"POST /login/ HTTP/1.1" 429 64
Too Many Requests: /login/
"POST /login/ HTTP/1.1" 429 64
Too Many Requests: /login/
"POST /login/ HTTP/1.1" 429 64
Too Many Requests: /login/
"POST /login/ HTTP/1.1" 429 64
Too Many Requests: /login/
"POST /login/ HTTP/1.1" 429 64
Too Many Requests: /login/
"POST /login/ HTTP/1.1" 429 64
Too Many Requests: /login/
"POST /login/ HTTP/1.1" 429 64
Too Many Requests: /login/
"POST /login/ HTTP/1.1" 429 64
Too Many Requests: /login/
"POST /login/ HTTP/1.1" 429 64
Too Many Requests: /login/
"POST /login/ HTTP/1.1" 429 64
Too Many Requests: /login/
"POST /login/ HTTP/1.1" 429 64
Too Many Requests: /login/
"POST /login/ HTTP/1.1" 429 64
Too Many Requests: /login/
"POST /login/ HTTP/1.1" 429 64
Too Many Requests: /login/
"POST /login/ HTTP/1.1" 429 64
Too Many Requests: /login/
"POST /login/ HTTP/1.1" 429 64
Too Many Requests: /login/
"POST /login/ HTTP/1.1" 429 64
Too Many Requests: /login/
"POST /login/ HTTP/1.1" 429 64
Too Many Requests: /login/
"POST /login/ HTTP/1.1" 429 64
Too Many Requests: /login/
"POST /login/ HTTP/1.1" 429 64
Too Many Requests: /login/
"POST /login/ HTTP/1.1" 429 64
Too Many Requests: /login/
"POST /login/ HTTP/1.1" 429 64
Too Many Requests: /login/
"POST /login/ HTTP/1.1" 429 64
Too Many Requests: /login/
"POST /login/ HTTP/1.1" 429 64
Too Many Requests: /login/
"POST /login/ HTTP/1.1" 429 64
Too Many Requests: /login/
"POST /login/ HTTP/1.1" 429 64
Too Many Requests: /login/
"POST /login/ HTTP/1.1" 429 64
Too Many Requests: /login/
"POST /login/ HTTP/1.1" 429 64
Too Many Requests: /login/
"POST /login/ HTTP/1.1" 429 64
Too Many Requests: /login/
"POST /login/ HTTP/1.1" 429 64
Too Many Requests: /login/
"POST /login/ HTTP/1.1" 429 64
Too Many Requests: /login/
"POST /login/ HTTP/1.1" 429 64
Too Many Requests: /login/
"POST /login/ HTTP/1.1" 429 64
Too Many Requests: /login/
"POST /login/ HTTP/1.1" 429 64
Too Many Requests: /login/
"POST /login/ HTTP/1.1" 429 64
Too Many Requests: /login/
"POST /login/ HTTP/1.1" 429 64
Too Many Requests: /login/
"POST /login/ HTTP/1.1" 429 64
Too Many Requests: /login/
"POST /login/ HTTP/1.1" 429 64
Too Many Requests: /login/
"POST /login/ HTTP/1.1" 429 64
Too Many Requests: /login/
"POST /login/ HTTP/1.1" 429 64
Too Many Requests: /login/
"POST /login/ HTTP/1.1" 429 64
Too Many Requests: /login/
"POST /login/ HTTP/1.1" 429 64
Too Many Requests: /login/
"POST /login/ HTTP/1.1" 429 64
Too Many Requests: /login/
"POST /login/ HTTP/1.1" 429 64
Too Many Requests: /login/
"POST /login/ HTTP/1.1" 429 64
Too Many Requests: /login/
"POST /login/ HTTP/1.1" 429 64
Too Many Requests: /login/
"POST /login/ HTTP/1.1" 429 64
Too Many Requests: /login/
"POST /login/ HTTP/1.1" 429 64
Too Many Requests: /login/
"POST /login/ HTTP/1.1" 429 64
Too Many Requests: /login/
"POST /login/ HTTP/1.1" 429 64
Too Many Requests: /login/
"POST /login/ HTTP/1.1" 429 64
Too Many Requests: /login/
"POST /login/ HTTP/1.1" 429 64
Too Many Requests: /login/
"POST /login/ HTTP/1.1" 429 64
Too Many Requests: /login/
"POST /login/ HTTP/1.1" 429 64
Too Many Requests: /login/
"POST /login/ HTTP/1.1" 429 64
Too Many Requests: /login/
"POST /login/ HTTP/1.1" 429 64
Too Many Requests: /login/
"POST /login/ HTTP/1.1" 429 64
Too Many Requests: /login/
"POST /login/ HTTP/1.1" 429 64
Too Many Requests: /login/
"POST /login/ HTTP/1.1" 429 64
Too Many Requests: /login/
"POST /login/ HTTP/1.1" 429 64
Too Many Requests: /login/
"POST /login/ HTTP/1.1" 429 64
Too Many Requests: /login/
"POST /login/ HTTP/1.1" 429 64
Too Many Requests: /login/
"POST /login/ HTTP/1.1" 429 64
Too Many Requests: /login/
"POST /login/ HTTP/1.1" 429 64
Too Many Requests: /login/
"POST /login/ HTTP/1.1" 429 64
Too Many Requests: /login/
"POST /login/ HTTP/1.1" 429 64
Too Many Requests: /login/
"POST /login/ HTTP/1.1" 429 64
Too Many Requests: /login/
"POST /login/ HTTP/1.1" 429 64
Too Many Requests: /login/
"POST /login/ HTTP/1.1" 429 64
Too Many Requests: /login/
"POST /login/ HTTP/1.1" 429 64
Too Many Requests: /login/
"POST /login/ HTTP/1.1" 429 64
Too Many Requests: /login/
"POST /login/ HTTP/1.1" 429 64
Too Many Requests: /login/
"POST /login/ HTTP/1.1" 429 64
Too Many Requests: /login/
"POST /login/ HTTP/1.1" 429 64
Too Many Requests: /login/
"POST /login/ HTTP/1.1" 429 64
Too Many Requests: /login/
"POST /login/ HTTP/1.1" 429 64
Too Many Requests: /login/
"POST /login/ HTTP/1.1" 429 64
Too Many Requests: /login/
"POST /login/ HTTP/1.1" 429 64
Too Many Requests: /login/
"POST /login/ HTTP/1.1" 429 64
Too Many Requests: /login/
"POST /login/ HTTP/1.1" 429 64
Too Many Requests: /login/
"POST /login/ HTTP/1.1" 429 64
Too Many Requests: /login/
"POST /login/ HTTP/1.1" 429 64
Too Many Requests: /login/
"POST /login/ HTTP/1.1" 429 64
Too Many Requests: /login/
"POST /login/ HTTP/1.1" 429 64
Too Many Requests: /login/
"POST /login/ HTTP/1.1" 429 64
Too Many Requests: /login/
"POST /login/ HTTP/1.1" 429 64
"GET /login/ HTTP/1.1" 200 16901
Too Many Requests: /login/
"POST /login/ HTTP/1.1" 429 64
Too Many Requests: /login/
"POST /login/ HTTP/1.1" 429 64
Too Many Requests: /login/
"POST /login/ HTTP/1.1" 429 64
Too Many Requests: /login/
"POST /login/ HTTP/1.1" 429 64
Too Many Requests: /login/
"POST /login/ HTTP/1.1" 429 64
Too Many Requests: /login/
"POST /login/ HTTP/1.1" 429 64
Too Many Requests: /login/
"POST /login/ HTTP/1.1" 429 64
Too Many Requests: /login/
"POST /login/ HTTP/1.1" 429 64
Too Many Requests: /login/
"POST /login/ HTTP/1.1" 429 64
Too Many Requests: /login/
"POST /login/ HTTP/1.1" 429 64
Too Many Requests: /login/
"POST /login/ HTTP/1.1" 429 64
Too Many Requests: /login/
"POST /login/ HTTP/1.1" 429 64
Too Many Requests: /login/
"POST /login/ HTTP/1.1" 429 64
Too Many Requests: /login/
"POST /login/ HTTP/1.1" 429 64
Too Many Requests: /login/
"POST /login/ HTTP/1.1" 429 64
Too Many Requests: /login/
"POST /login/ HTTP/1.1" 429 64
Too Many Requests: /login/
"POST /login/ HTTP/1.1" 429 64
Too Many Requests: /login/
"POST /login/ HTTP/1.1" 429 64
Too Many Requests: /login/
"POST /login/ HTTP/1.1" 429 64
Too Many Requests: /login/
"POST /login/ HTTP/1.1" 429 64
Too Many Requests: /login/
"POST /login/ HTTP/1.1" 429 64
Too Many Requests: /login/
"POST /login/ HTTP/1.1" 429 64
Too Many Requests: /login/
"POST /login/ HTTP/1.1" 429 64
Too Many Requests: /login/
"POST /login/ HTTP/1.1" 429 64
Too Many Requests: /login/
"POST /login/ HTTP/1.1" 429 64
Too Many Requests: /login/
"POST /login/ HTTP/1.1" 429 64
Too Many Requests: /login/
"POST /login/ HTTP/1.1" 429 64
"GET /signup/ HTTP/1.1" 200 17316
Too Many Requests: /login/
"POST /login/ HTTP/1.1" 429 64
Too Many Requests: /login/
"POST /login/ HTTP/1.1" 429 64
Too Many Requests: /login/
"POST /login/ HTTP/1.1" 429 64
"POST /signup/ HTTP/1.1" 200 17872
Too Many Requests: /login/
"POST /login/ HTTP/1.1" 429 64
Too Many Requests: /login/
"POST /login/ HTTP/1.1" 429 64
Too Many Requests: /login/
"POST /login/ HTTP/1.1" 429 64
Too Many Requests: /login/
"POST /login/ HTTP/1.1" 429 64
Too Many Requests: /login/
"POST /login/ HTTP/1.1" 429 64
New user registered: red (ID: 13) from IP: 192.168.10.66
"POST /signup/ HTTP/1.1" 302 0
"GET /login HTTP/1.1" 301 0
"GET /login/ HTTP/1.1" 200 16901
Too Many Requests: /login/
"POST /login/ HTTP/1.1" 429 64
Too Many Requests: /login/
"POST /login/ HTTP/1.1" 429 64
Too Many Requests: /login/
"POST /login/ HTTP/1.1" 429 64
Too Many Requests: /login/
"POST /login/ HTTP/1.1" 429 64
Too Many Requests: /login/
"POST /login/ HTTP/1.1" 429 64
Too Many Requests: /login/
"POST /login/ HTTP/1.1" 429 64
Too Many Requests: /login/
"POST /login/ HTTP/1.1" 429 64
Too Many Requests: /login/
"POST /login/ HTTP/1.1" 429 64
Too Many Requests: /login/
"POST /login/ HTTP/1.1" 429 64
Too Many Requests: /login/
"POST /login/ HTTP/1.1" 429 64
Too Many Requests: /login/
"POST /login/ HTTP/1.1" 429 64
"POST /login/ HTTP/1.1" 200 17351
Too Many Requests: /login/
"POST /login/ HTTP/1.1" 429 64
Too Many Requests: /login/
"POST /login/ HTTP/1.1" 429 64
Too Many Requests: /login/
"POST /login/ HTTP/1.1" 429 64
Too Many Requests: /login/
"POST /login/ HTTP/1.1" 429 64
Too Many Requests: /login/
"POST /login/ HTTP/1.1" 429 64
Too Many Requests: /login/
"POST /login/ HTTP/1.1" 429 64
Too Many Requests: /login/
"POST /login/ HTTP/1.1" 429 64
Too Many Requests: /login/
"POST /login/ HTTP/1.1" 429 64
Too Many Requests: /login/
"POST /login/ HTTP/1.1" 429 64
Too Many Requests: /login/
"POST /login/ HTTP/1.1" 429 64
Too Many Requests: /login/
"POST /login/ HTTP/1.1" 429 64
"GET /login/ HTTP/1.1" 200 16901
Too Many Requests: /login/
"POST /login/ HTTP/1.1" 429 64
"POST /login/ HTTP/1.1" 200 17351
Too Many Requests: /login/
"POST /login/ HTTP/1.1" 429 64
Too Many Requests: /login/
"POST /login/ HTTP/1.1" 429 64
Too Many Requests: /login/
"POST /login/ HTTP/1.1" 429 64
Too Many Requests: /login/
"POST /login/ HTTP/1.1" 429 64
Too Many Requests: /login/
"POST /login/ HTTP/1.1" 429 64
Too Many Requests: /login/
"POST /login/ HTTP/1.1" 429 64
Too Many Requests: /login/
"POST /login/ HTTP/1.1" 429 64
Too Many Requests: /login/
"POST /login/ HTTP/1.1" 429 64
Too Many Requests: /login/
"POST /login/ HTTP/1.1" 429 64
Too Many Requests: /login/
"POST /login/ HTTP/1.1" 429 64
Too Many Requests: /login/
"POST /login/ HTTP/1.1" 429 64
Too Many Requests: /login/
"POST /login/ HTTP/1.1" 429 64
Too Many Requests: /login/
"POST /login/ HTTP/1.1" 429 64
Too Many Requests: /login/
"POST /login/ HTTP/1.1" 429 64
Too Many Requests: /login/
"POST /login/ HTTP/1.1" 429 64
Too Many Requests: /login/
"POST /login/ HTTP/1.1" 429 64
Too Many Requests: /login/
"POST /login/ HTTP/1.1" 429 64
Too Many Requests: /login/
"POST /login/ HTTP/1.1" 429 64
Too Many Requests: /login/
"POST /login/ HTTP/1.1" 429 64
Too Many Requests: /login/
"POST /login/ HTTP/1.1" 429 64
Too Many Requests: /login/
"POST /login/ HTTP/1.1" 429 64
Too Many Requests: /login/
"POST /login/ HTTP/1.1" 429 64
Too Many Requests: /login/
"POST /login/ HTTP/1.1" 429 64
Too Many Requests: /login/
"POST /login/ HTTP/1.1" 429 64
Too Many Requests: /login/
"POST /login/ HTTP/1.1" 429 64
Too Many Requests: /login/
"POST /login/ HTTP/1.1" 429 64
Too Many Requests: /login/
"POST /login/ HTTP/1.1" 429 64
Too Many Requests: /login/
"POST /login/ HTTP/1.1" 429 64
Too Many Requests: /login/
"POST /login/ HTTP/1.1" 429 64
Too Many Requests: /login/
"POST /login/ HTTP/1.1" 429 64
Too Many Requests: /login/
"POST /login/ HTTP/1.1" 429 64
Too Many Requests: /login/
"POST /login/ HTTP/1.1" 429 64
Too Many Requests: /login/
"POST /login/ HTTP/1.1" 429 64
Too Many Requests: /login/
"POST /login/ HTTP/1.1" 429 64
Too Many Requests: /login/
"POST /login/ HTTP/1.1" 429 64
Too Many Requests: /login/
"POST /login/ HTTP/1.1" 429 64
Too Many Requests: /login/
"POST /login/ HTTP/1.1" 429 64
Too Many Requests: /login/
"POST /login/ HTTP/1.1" 429 64
Too Many Requests: /login/
"POST /login/ HTTP/1.1" 429 64
Too Many Requests: /login/
"POST /login/ HTTP/1.1" 429 64
Too Many Requests: /login/
"POST /login/ HTTP/1.1" 429 64
Too Many Requests: /login/
"POST /login/ HTTP/1.1" 429 64
"GET /login/ HTTP/1.1" 200 16901
"POST /login/ HTTP/1.1" 200 17351
Too Many Requests: /login/
"POST /login/ HTTP/1.1" 429 64
"GET /login/ HTTP/1.1" 200 16901
Too Many Requests: /login/
"POST /login/ HTTP/1.1" 429 64
"POST /login/ HTTP/1.1" 200 17351
Too Many Requests: /login/
"POST /login/ HTTP/1.1" 429 64
Too Many Requests: /login/
"POST /login/ HTTP/1.1" 429 64
Too Many Requests: /login/
"POST /login/ HTTP/1.1" 429 64
Too Many Requests: /login/
"POST /login/ HTTP/1.1" 429 64
Too Many Requests: /login/
"POST /login/ HTTP/1.1" 429 64
"POST /login/ HTTP/1.1" 302 0
"GET / HTTP/1.1" 200 65064
"GET /login/ HTTP/1.1" 200 16901
Too Many Requests: /login/
"POST /login/ HTTP/1.1" 429 64
"GET / HTTP/1.1" 200 65064
"GET /login/ HTTP/1.1" 200 16901
Too Many Requests: /login/
"POST /login/ HTTP/1.1" 429 64
Too Many Requests: /login/
"POST /login/ HTTP/1.1" 429 64
Too Many Requests: /login/
"POST /login/ HTTP/1.1" 429 64
Too Many Requests: /login/
"POST /login/ HTTP/1.1" 429 64
Too Many Requests: /login/
"POST /login/ HTTP/1.1" 429 64
Too Many Requests: /login/
"POST /login/ HTTP/1.1" 429 64
"GET /login/ HTTP/1.1" 200 16901
Too Many Requests: /login/
"POST /login/ HTTP/1.1" 429 64
Too Many Requests: /login/
"POST /login/ HTTP/1.1" 429 64
"GET /login/ HTTP/1.1" 200 16901
Too Many Requests: /login/
"POST /login/ HTTP/1.1" 429 64
"GET /login/ HTTP/1.1" 200 16901
Too Many Requests: /login/
"POST /login/ HTTP/1.1" 429 64
Too Many Requests: /login/
"POST /login/ HTTP/1.1" 429 64
Too Many Requests: /login/
"POST /login/ HTTP/1.1" 429 64
Too Many Requests: /login/
"POST /login/ HTTP/1.1" 429 64
Too Many Requests: /login/
"POST /login/ HTTP/1.1" 429 64
"GET /login/ HTTP/1.1" 200 16901
Too Many Requests: /login/
"POST /login/ HTTP/1.1" 429 64
"GET /signup/ HTTP/1.1" 200 17316
Too Many Requests: /login/
"POST /login/ HTTP/1.1" 429 64
Too Many Requests: /login/
"POST /login/ HTTP/1.1" 429 64
Too Many Requests: /login/
"POST /login/ HTTP/1.1" 429 64
Too Many Requests: /login/
"POST /login/ HTTP/1.1" 429 64
"POST /signup/ HTTP/1.1" 200 17861
Too Many Requests: /login/
"POST /login/ HTTP/1.1" 429 64
Too Many Requests: /login/
"POST /login/ HTTP/1.1" 429 64
Too Many Requests: /login/
"POST /login/ HTTP/1.1" 429 64
New user registered: rex (ID: 14) from IP: 192.168.10.66
"POST /signup/ HTTP/1.1" 302 0
"GET /login HTTP/1.1" 301 0
"GET /login/ HTTP/1.1" 200 16901
Too Many Requests: /login/
"POST /login/ HTTP/1.1" 429 64
Too Many Requests: /login/
"POST /login/ HTTP/1.1" 429 64
Too Many Requests: /login/
"POST /login/ HTTP/1.1" 429 64
Too Many Requests: /login/
"POST /login/ HTTP/1.1" 429 64
Too Many Requests: /login/
"POST /login/ HTTP/1.1" 429 64
Too Many Requests: /login/
"POST /login/ HTTP/1.1" 429 64
Too Many Requests: /login/
"POST /login/ HTTP/1.1" 429 64
Too Many Requests: /login/
"POST /login/ HTTP/1.1" 429 64
Too Many Requests: /login/
"POST /login/ HTTP/1.1" 429 64
Too Many Requests: /login/
"POST /login/ HTTP/1.1" 429 64
Too Many Requests: /login/
"POST /login/ HTTP/1.1" 429 64
Too Many Requests: /login/
"POST /login/ HTTP/1.1" 429 64
Too Many Requests: /login/
"POST /login/ HTTP/1.1" 429 64
Too Many Requests: /login/
"POST /login/ HTTP/1.1" 429 64
Too Many Requests: /login/
"POST /login/ HTTP/1.1" 429 64
Too Many Requests: /login/
"POST /login/ HTTP/1.1" 429 64
Too Many Requests: /login/
"POST /login/ HTTP/1.1" 429 64
Too Many Requests: /login/
"POST /login/ HTTP/1.1" 429 64
Too Many Requests: /login/
"POST /login/ HTTP/1.1" 429 64
Too Many Requests: /login/
"POST /login/ HTTP/1.1" 429 64
Too Many Requests: /login/
"POST /login/ HTTP/1.1" 429 64
Too Many Requests: /login/
"POST /login/ HTTP/1.1" 429 64
Too Many Requests: /login/
"POST /login/ HTTP/1.1" 429 64
Too Many Requests: /login/
"POST /login/ HTTP/1.1" 429 64
"POST /login/ HTTP/1.1" 200 17351
Too Many Requests: /login/
"POST /login/ HTTP/1.1" 429 64
Too Many Requests: /login/
"POST /login/ HTTP/1.1" 429 64
Too Many Requests: /login/
"POST /login/ HTTP/1.1" 429 64
Too Many Requests: /login/
"POST /login/ HTTP/1.1" 429 64
"POST /login/ HTTP/1.1" 200 17351
Too Many Requests: /login/
"POST /login/ HTTP/1.1" 429 64
"POST /login/ HTTP/1.1" 200 17351
"POST /login/ HTTP/1.1" 200 17351
Too Many Requests: /login/
"POST /login/ HTTP/1.1" 429 64
Too Many Requests: /login/
"POST /login/ HTTP/1.1" 429 64
Too Many Requests: /login/
"POST /login/ HTTP/1.1" 429 64
Too Many Requests: /login/
"POST /login/ HTTP/1.1" 429 64
Too Many Requests: /login/
"POST /login/ HTTP/1.1" 429 64
Too Many Requests: /login/
"POST /login/ HTTP/1.1" 429 64
Too Many Requests: /login/
"POST /login/ HTTP/1.1" 429 64
Too Many Requests: /login/
"POST /login/ HTTP/1.1" 429 64
Too Many Requests: /login/
"POST /login/ HTTP/1.1" 429 64
Too Many Requests: /login/
"POST /login/ HTTP/1.1" 429 64
Too Many Requests: /login/
"POST /login/ HTTP/1.1" 429 64
Too Many Requests: /login/
"POST /login/ HTTP/1.1" 429 64
Too Many Requests: /login/
"POST /login/ HTTP/1.1" 429 64
Too Many Requests: /login/
"POST /login/ HTTP/1.1" 429 64
Too Many Requests: /login/
"POST /login/ HTTP/1.1" 429 64
Too Many Requests: /login/
"POST /login/ HTTP/1.1" 429 64
Too Many Requests: /login/
"POST /login/ HTTP/1.1" 429 64
Too Many Requests: /login/
"POST /login/ HTTP/1.1" 429 64
Too Many Requests: /login/
"POST /login/ HTTP/1.1" 429 64
Too Many Requests: /login/
"POST /login/ HTTP/1.1" 429 64
Too Many Requests: /login/
"POST /login/ HTTP/1.1" 429 64
Too Many Requests: /login/
"POST /login/ HTTP/1.1" 429 64
Too Many Requests: /login/
"POST /login/ HTTP/1.1" 429 64
Too Many Requests: /login/
"POST /login/ HTTP/1.1" 429 64
Too Many Requests: /login/
"POST /login/ HTTP/1.1" 429 64
Too Many Requests: /login/
"POST /login/ HTTP/1.1" 429 64
"GET / HTTP/1.1" 200 65064
"GET /media/static/images/sliderasda.png HTTP/1.1" 304 0
"GET /static/images/fixedwidth%20mathi%20ko.png HTTP/1.1" 304 0
"GET /media/static/images/nayaslider.png HTTP/1.1" 304 0
"GET /media/static/images/electricain.png HTTP/1.1" 304 0
"GET /media/static/images/plumber.png HTTP/1.1" 304 0
"GET /static/images/logo.png HTTP/1.1" 304 0
"GET /media/static/images/painter.png HTTP/1.1" 304 0
"GET /media/static/images/furniture.png HTTP/1.1" 304 0
"GET /media/static/images/conditioniong.png HTTP/1.1" 304 0
"GET /media/static/images/carpenter.png HTTP/1.1" 304 0
"GET /media/static/images/repairmen.png HTTP/1.1" 304 0
"GET /media/static/images/mechanic.png HTTP/1.1" 304 0
"GET /media/static/images/infophoto.png HTTP/1.1" 304 0
"GET /media/static/images/bichtirakonestfixer.png HTTP/1.1" 304 0
Not Found: /favicon.ico
"GET /favicon.ico HTTP/1.1" 404 5215
"GET /admin/ HTTP/1.1" 302 0
"GET /admin/login/?next=/admin/ HTTP/1.1" 200 4162
"GET /static/admin/css/dark_mode.css HTTP/1.1" 200 2682
"GET /static/admin/css/nav_sidebar.css HTTP/1.1" 200 2810
"GET /static/admin/css/base.css HTTP/1.1" 200 21544
"GET /static/admin/css/login.css HTTP/1.1" 200 958
"GET /static/admin/css/responsive.css HTTP/1.1" 200 17905
"GET /static/admin/js/nav_sidebar.js HTTP/1.1" 200 3063
"GET /static/admin/js/theme.js HTTP/1.1" 200 1943
"POST /admin/login/?next=/admin/ HTTP/1.1" 302 0
"GET /admin/ HTTP/1.1" 200 9595
"GET /static/admin/css/dashboard.css HTTP/1.1" 200 441
"GET /static/admin/img/icon-changelink.svg HTTP/1.1" 200 380
"GET /static/admin/img/icon-addlink.svg HTTP/1.1" 200 331
Too Many Requests: /login/
"POST /login/ HTTP/1.1" 429 64
Too Many Requests: /login/
"POST /login/ HTTP/1.1" 429 64
Too Many Requests: /login/
"POST /login/ HTTP/1.1" 429 64
"GET /admin/auth/user/ HTTP/1.1" 200 15550
"GET /static/admin/css/changelists.css HTTP/1.1" 200 6811
"GET /static/admin/js/jquery.init.js HTTP/1.1" 200 347
"GET /static/admin/js/admin/RelatedObjectLookups.js HTTP/1.1" 200 9042
"GET /static/admin/js/actions.js HTTP/1.1" 200 8067
"GET /static/admin/js/urlify.js HTTP/1.1" 200 7887
"GET /static/admin/img/search.svg HTTP/1.1" 200 458
"GET /static/admin/js/prepopulate.js HTTP/1.1" 200 1531
"GET /static/admin/img/icon-yes.svg HTTP/1.1" 200 436
"GET /static/admin/js/core.js HTTP/1.1" 200 6208
"GET /static/admin/img/icon-no.svg HTTP/1.1" 200 560
"GET /static/admin/js/vendor/jquery/jquery.js HTTP/1.1" 200 285314
"GET /admin/jsi18n/ HTTP/1.1" 200 3342
"GET /static/admin/js/filters.js HTTP/1.1" 200 978
"GET /static/admin/js/vendor/xregexp/xregexp.js HTTP/1.1" 200 325171
"GET /static/admin/img/icon-viewlink.svg HTTP/1.1" 200 581
"GET /static/admin/img/tooltag-add.svg HTTP/1.1" 200 331
"GET /static/admin/img/sorting-icons.svg HTTP/1.1" 200 1097
Too Many Requests: /login/
"POST /login/ HTTP/1.1" 429 64
Too Many Requests: /login/
"POST /login/ HTTP/1.1" 429 64
"POST /admin/auth/user/ HTTP/1.1" 200 10337
"GET /static/admin/js/cancel.js HTTP/1.1" 200 884
"POST /admin/auth/user/ HTTP/1.1" 302 0
"GET /admin/auth/user/ HTTP/1.1" 200 13866
"GET /admin/jsi18n/ HTTP/1.1" 200 3342
Too Many Requests: /login/
"POST /login/ HTTP/1.1" 429 64
Too Many Requests: /login/
"POST /login/ HTTP/1.1" 429 64
"GET /login/ HTTP/1.1" 200 16901
Too Many Requests: /login/
"POST /login/ HTTP/1.1" 429 64
Too Many Requests: /login/
"POST /login/ HTTP/1.1" 429 64
Too Many Requests: /login/
"POST /login/ HTTP/1.1" 429 64
Too Many Requests: /login/
"POST /login/ HTTP/1.1" 429 64
Too Many Requests: /login/
"POST /login/ HTTP/1.1" 429 64
"POST /signup/ HTTP/1.1" 200 17872
Too Many Requests: /login/
"POST /login/ HTTP/1.1" 429 64
New user registered: rex (ID: 15) from IP: 192.168.10.66
"POST /signup/ HTTP/1.1" 302 0
"GET /login HTTP/1.1" 301 0
"GET /login/ HTTP/1.1" 200 16901
Too Many Requests: /login/
"POST /login/ HTTP/1.1" 429 64
Too Many Requests: /login/
"POST /login/ HTTP/1.1" 429 64
Too Many Requests: /login/
"POST /login/ HTTP/1.1" 429 64
Too Many Requests: /login/
"POST /login/ HTTP/1.1" 429 64
Too Many Requests: /login/
"POST /login/ HTTP/1.1" 429 64
Too Many Requests: /login/
"POST /login/ HTTP/1.1" 429 64
"GET /admin/auth/user/ HTTP/1.1" 200 14180
"GET /admin/jsi18n/ HTTP/1.1" 200 3342
Too Many Requests: /login/
"POST /login/ HTTP/1.1" 429 64
Too Many Requests: /login/
"POST /login/ HTTP/1.1" 429 64
Too Many Requests: /login/
"POST /login/ HTTP/1.1" 429 64
Too Many Requests: /login/
"POST /login/ HTTP/1.1" 429 64
Too Many Requests: /login/
"POST /login/ HTTP/1.1" 429 64
Too Many Requests: /login/
"POST /login/ HTTP/1.1" 429 64
Too Many Requests: /login/
"POST /login/ HTTP/1.1" 429 64
Too Many Requests: /login/
"POST /login/ HTTP/1.1" 429 64
Too Many Requests: /login/
"POST /login/ HTTP/1.1" 429 64
Too Many Requests: /login/
"POST /login/ HTTP/1.1" 429 64
Too Many Requests: /login/
"POST /login/ HTTP/1.1" 429 64
Too Many Requests: /login/
"POST /login/ HTTP/1.1" 429 64
Too Many Requests: /login/
"POST /login/ HTTP/1.1" 429 64
Too Many Requests: /login/
"POST /login/ HTTP/1.1" 429 64
Too Many Requests: /login/
"POST /login/ HTTP/1.1" 429 64
Too Many Requests: /login/
"POST /login/ HTTP/1.1" 429 64
Too Many Requests: /login/
"POST /login/ HTTP/1.1" 429 64
Too Many Requests: /login/
"POST /login/ HTTP/1.1" 429 64
Too Many Requests: /login/
"POST /login/ HTTP/1.1" 429 64
Too Many Requests: /login/
"POST /login/ HTTP/1.1" 429 64
Too Many Requests: /login/
"POST /login/ HTTP/1.1" 429 64
Too Many Requests: /login/
"POST /login/ HTTP/1.1" 429 64
Too Many Requests: /login/
"POST /login/ HTTP/1.1" 429 64
Too Many Requests: /login/
"POST /login/ HTTP/1.1" 429 64
Too Many Requests: /login/
"POST /login/ HTTP/1.1" 429 64
Too Many Requests: /login/
"POST /login/ HTTP/1.1" 429 64
Too Many Requests: /login/
"POST /login/ HTTP/1.1" 429 64
Too Many Requests: /login/
"POST /login/ HTTP/1.1" 429 64
Too Many Requests: /login/
"POST /login/ HTTP/1.1" 429 64
Too Many Requests: /login/
"POST /login/ HTTP/1.1" 429 64
Too Many Requests: /login/
"POST /login/ HTTP/1.1" 429 64
Too Many Requests: /login/
"POST /login/ HTTP/1.1" 429 64
Too Many Requests: /login/
"POST /login/ HTTP/1.1" 429 64
Too Many Requests: /login/
"POST /login/ HTTP/1.1" 429 64
Too Many Requests: /login/
"POST /login/ HTTP/1.1" 429 64
Too Many Requests: /login/
"POST /login/ HTTP/1.1" 429 64
Too Many Requests: /login/
"POST /login/ HTTP/1.1" 429 64
Too Many Requests: /login/
"POST /login/ HTTP/1.1" 429 64
Too Many Requests: /login/
"POST /login/ HTTP/1.1" 429 64
Too Many Requests: /login/
"POST /login/ HTTP/1.1" 429 64
Too Many Requests: /login/
"POST /login/ HTTP/1.1" 429 64
Too Many Requests: /login/
"POST /login/ HTTP/1.1" 429 64
Too Many Requests: /login/
"POST /login/ HTTP/1.1" 429 64
Too Many Requests: /login/
"POST /login/ HTTP/1.1" 429 64
Too Many Requests: /login/
"POST /login/ HTTP/1.1" 429 64
Too Many Requests: /login/
"POST /login/ HTTP/1.1" 429 64
Too Many Requests: /login/
"POST /login/ HTTP/1.1" 429 64
Too Many Requests: /login/
"POST /login/ HTTP/1.1" 429 64
Too Many Requests: /login/
"POST /login/ HTTP/1.1" 429 64
Too Many Requests: /login/
"POST /login/ HTTP/1.1" 429 64
Too Many Requests: /login/
"POST /login/ HTTP/1.1" 429 64
Too Many Requests: /login/
"POST /login/ HTTP/1.1" 429 64
Too Many Requests: /login/
"POST /login/ HTTP/1.1" 429 64
Too Many Requests: /login/
"POST /login/ HTTP/1.1" 429 64
Too Many Requests: /login/
"POST /login/ HTTP/1.1" 429 64
Too Many Requests: /login/
"POST /login/ HTTP/1.1" 429 64
Too Many Requests: /login/
"POST /login/ HTTP/1.1" 429 64
Too Many Requests: /login/
"POST /login/ HTTP/1.1" 429 64
Too Many Requests: /login/
"POST /login/ HTTP/1.1" 429 64
Too Many Requests: /login/
"POST /login/ HTTP/1.1" 429 64
Too Many Requests: /login/
"POST /login/ HTTP/1.1" 429 64
Too Many Requests: /login/
"POST /login/ HTTP/1.1" 429 64
Too Many Requests: /login/
"POST /login/ HTTP/1.1" 429 64
Too Many Requests: /login/
"POST /login/ HTTP/1.1" 429 64
Too Many Requests: /login/
"POST /login/ HTTP/1.1" 429 64
Too Many Requests: /login/
"POST /login/ HTTP/1.1" 429 64
Too Many Requests: /login/
"POST /login/ HTTP/1.1" 429 64
Too Many Requests: /login/
"POST /login/ HTTP/1.1" 429 64
Too Many Requests: /login/
"POST /login/ HTTP/1.1" 429 64
Too Many Requests: /login/
"POST /login/ HTTP/1.1" 429 64
Too Many Requests: /login/
"POST /login/ HTTP/1.1" 429 64
Too Many Requests: /login/
"POST /login/ HTTP/1.1" 429 64
Too Many Requests: /login/
"POST /login/ HTTP/1.1" 429 64
Too Many Requests: /login/
"POST /login/ HTTP/1.1" 429 64
Too Many Requests: /login/
"POST /login/ HTTP/1.1" 429 64
Too Many Requests: /login/
"POST /login/ HTTP/1.1" 429 64
Too Many Requests: /login/
"POST /login/ HTTP/1.1" 429 64
Too Many Requests: /login/
"POST /login/ HTTP/1.1" 429 64
Too Many Requests: /login/
"POST /login/ HTTP/1.1" 429 64
Too Many Requests: /login/
"POST /login/ HTTP/1.1" 429 64
Too Many Requests: /login/
"POST /login/ HTTP/1.1" 429 64
Too Many Requests: /login/
"POST /login/ HTTP/1.1" 429 64
Too Many Requests: /login/
"POST /login/ HTTP/1.1" 429 64
Too Many Requests: /login/
"POST /login/ HTTP/1.1" 429 64
Too Many Requests: /login/
"POST /login/ HTTP/1.1" 429 64
Too Many Requests: /login/
"POST /login/ HTTP/1.1" 429 64
Too Many Requests: /login/
"POST /login/ HTTP/1.1" 429 64
Too Many Requests: /login/
"POST /login/ HTTP/1.1" 429 64
Too Many Requests: /login/
"POST /login/ HTTP/1.1" 429 64
Too Many Requests: /login/
"POST /login/ HTTP/1.1" 429 64
Too Many Requests: /login/
"POST /login/ HTTP/1.1" 429 64
Too Many Requests: /login/
"POST /login/ HTTP/1.1" 429 64
Too Many Requests: /login/
"POST /login/ HTTP/1.1" 429 64
Too Many Requests: /login/
"POST /login/ HTTP/1.1" 429 64
Too Many Requests: /login/
"POST /login/ HTTP/1.1" 429 64
Too Many Requests: /login/
"POST /login/ HTTP/1.1" 429 64
Too Many Requests: /login/
"POST /login/ HTTP/1.1" 429 64
Too Many Requests: /login/
"POST /login/ HTTP/1.1" 429 64
Too Many Requests: /login/
"POST /login/ HTTP/1.1" 429 64
Too Many Requests: /login/
"POST /login/ HTTP/1.1" 429 64
Too Many Requests: /login/
"POST /login/ HTTP/1.1" 429 64
Too Many Requests: /login/
"POST /login/ HTTP/1.1" 429 64
Too Many Requests: /login/
"POST /login/ HTTP/1.1" 429 64
Too Many Requests: /login/
"POST /login/ HTTP/1.1" 429 64
Too Many Requests: /login/
"POST /login/ HTTP/1.1" 429 64
Too Many Requests: /login/
"POST /login/ HTTP/1.1" 429 64
Too Many Requests: /login/
"POST /login/ HTTP/1.1" 429 64
Too Many Requests: /login/
"POST /login/ HTTP/1.1" 429 64
Too Many Requests: /login/
"POST /login/ HTTP/1.1" 429 64
Too Many Requests: /login/
"POST /login/ HTTP/1.1" 429 64
Too Many Requests: /login/
"POST /login/ HTTP/1.1" 429 64
Too Many Requests: /login/
"POST /login/ HTTP/1.1" 429 64
Too Many Requests: /login/
"POST /login/ HTTP/1.1" 429 64
Too Many Requests: /login/
"POST /login/ HTTP/1.1" 429 64
Too Many Requests: /login/
"POST /login/ HTTP/1.1" 429 64
Too Many Requests: /login/
"POST /login/ HTTP/1.1" 429 64
"GET /login/ HTTP/1.1" 200 16901
Too Many Requests: /login/
"POST /login/ HTTP/1.1" 429 64
"GET /admin/auth/user/15/change/ HTTP/1.1" 200 26069
"GET /static/admin/css/forms.css HTTP/1.1" 200 9048
"GET /static/admin/js/SelectFilter2.js HTTP/1.1" 200 15492
"GET /static/admin/js/calendar.js HTTP/1.1" 200 9141
"GET /static/admin/js/SelectBox.js HTTP/1.1" 200 4530
"GET /static/admin/js/admin/DateTimeShortcuts.js HTTP/1.1" 200 19319
"GET /static/admin/js/prepopulate_init.js HTTP/1.1" 200 586
"GET /static/admin/css/widgets.css HTTP/1.1" 200 11800
"GET /static/admin/js/change_form.js HTTP/1.1" 200 606
"GET /admin/jsi18n/ HTTP/1.1" 200 3342
"GET /static/admin/img/selector-icons.svg HTTP/1.1" 200 3291
"GET /static/admin/img/icon-clock.svg HTTP/1.1" 200 677
"GET /static/admin/img/icon-unknown.svg HTTP/1.1" 200 655
"GET /static/admin/img/icon-unknown-alt.svg HTTP/1.1" 200 655
"GET /static/admin/img/icon-calendar.svg HTTP/1.1" 200 1086
"GET /admin/auth/user/ HTTP/1.1" 200 14180
Too Many Requests: /login/
"POST /login/ HTTP/1.1" 429 64
"POST /admin/auth/user/ HTTP/1.1" 200 9947
"POST /admin/auth/user/ HTTP/1.1" 302 0
"GET /admin/auth/user/ HTTP/1.1" 200 13865
"GET /admin/jsi18n/ HTTP/1.1" 200 3342
Too Many Requests: /login/
"POST /login/ HTTP/1.1" 429 64
Too Many Requests: /login/
"POST /login/ HTTP/1.1" 429 64
Too Many Requests: /login/
"POST /login/ HTTP/1.1" 429 64
Too Many Requests: /login/
"POST /login/ HTTP/1.1" 429 64
Too Many Requests: /login/
"POST /login/ HTTP/1.1" 429 64
Too Many Requests: /login/
"POST /login/ HTTP/1.1" 429 64
"GET /signup/ HTTP/1.1" 200 17316
Too Many Requests: /login/
"POST /login/ HTTP/1.1" 429 64
Too Many Requests: /login/
"POST /login/ HTTP/1.1" 429 64
Too Many Requests: /login/
"POST /login/ HTTP/1.1" 429 64
Too Many Requests: /login/
"POST /login/ HTTP/1.1" 429 64
Too Many Requests: /login/
"POST /login/ HTTP/1.1" 429 64
Too Many Requests: /login/
"POST /login/ HTTP/1.1" 429 64
Too Many Requests: /login/
"POST /login/ HTTP/1.1" 429 64
Too Many Requests: /login/
"POST /login/ HTTP/1.1" 429 64
Too Many Requests: /login/
"POST /login/ HTTP/1.1" 429 64
Too Many Requests: /login/
"POST /login/ HTTP/1.1" 429 64
Too Many Requests: /login/
"POST /login/ HTTP/1.1" 429 64
New user registered: red (ID: 16) from IP: 192.168.10.66
"POST /signup/ HTTP/1.1" 302 0
"GET /login HTTP/1.1" 301 0
"GET /login/ HTTP/1.1" 200 16901
Too Many Requests: /login/
"POST /login/ HTTP/1.1" 429 64
Too Many Requests: /login/
"POST /login/ HTTP/1.1" 429 64
Too Many Requests: /login/
"POST /login/ HTTP/1.1" 429 64
Too Many Requests: /login/
"POST /login/ HTTP/1.1" 429 64
Too Many Requests: /login/
"POST /login/ HTTP/1.1" 429 64
Too Many Requests: /login/
"POST /login/ HTTP/1.1" 429 64
Too Many Requests: /login/
"POST /login/ HTTP/1.1" 429 64
Too Many Requests: /login/
"POST /login/ HTTP/1.1" 429 64
Too Many Requests: /login/
"POST /login/ HTTP/1.1" 429 64
Too Many Requests: /login/
"POST /login/ HTTP/1.1" 429 64
Too Many Requests: /login/
"POST /login/ HTTP/1.1" 429 64
Too Many Requests: /login/
"POST /login/ HTTP/1.1" 429 64
Too Many Requests: /login/
"POST /login/ HTTP/1.1" 429 64
Too Many Requests: /login/
"POST /login/ HTTP/1.1" 429 64
Too Many Requests: /login/
"POST /login/ HTTP/1.1" 429 64
Too Many Requests: /login/
"POST /login/ HTTP/1.1" 429 64
Too Many Requests: /login/
"POST /login/ HTTP/1.1" 429 64
Too Many Requests: /login/
"POST /login/ HTTP/1.1" 429 64
Too Many Requests: /login/
"POST /login/ HTTP/1.1" 429 64
Too Many Requests: /login/
"POST /login/ HTTP/1.1" 429 64
"POST /login/ HTTP/1.1" 200 17351
"POST /login/ HTTP/1.1" 200 17351
"POST /login/ HTTP/1.1" 200 17351
"POST /login/ HTTP/1.1" 200 17351
Too Many Requests: /login/
"POST /login/ HTTP/1.1" 429 64
Too Many Requests: /login/
"POST /login/ HTTP/1.1" 429 64
Too Many Requests: /login/
"POST /login/ HTTP/1.1" 429 64
Too Many Requests: /login/
"POST /login/ HTTP/1.1" 429 64
Too Many Requests: /login/
"POST /login/ HTTP/1.1" 429 64
Too Many Requests: /login/
"POST /login/ HTTP/1.1" 429 64
Too Many Requests: /login/
"POST /login/ HTTP/1.1" 429 64
Too Many Requests: /login/
"POST /login/ HTTP/1.1" 429 64
Too Many Requests: /login/
"POST /login/ HTTP/1.1" 429 64
Too Many Requests: /login/
"POST /login/ HTTP/1.1" 429 64
Too Many Requests: /login/
"POST /login/ HTTP/1.1" 429 64
Too Many Requests: /login/
"POST /login/ HTTP/1.1" 429 64
Too Many Requests: /login/
"POST /login/ HTTP/1.1" 429 64
Too Many Requests: /login/
"POST /login/ HTTP/1.1" 429 64
Too Many Requests: /login/
"POST /login/ HTTP/1.1" 429 64
Too Many Requests: /login/
"POST /login/ HTTP/1.1" 429 64
Too Many Requests: /login/
"POST /login/ HTTP/1.1" 429 64
Watching for file changes with StatReloader
"GET / HTTP/1.1" 200 67893
Watching for file changes with StatReloader
"GET / HTTP/1.1" 200 67893
User logged out: admin (ID: 10) from IP: 127.0.0.1
"GET /logout/ HTTP/1.1" 302 0
"GET /login/ HTTP/1.1" 200 16901
"GET /signup/ HTTP/1.1" 200 17316
"GET /login/ HTTP/1.1" 200 16901
Watching for file changes with StatReloader
"GET / HTTP/1.1" 200 65064
"GET /signup/ HTTP/1.1" 200 17316
"GET /login/ HTTP/1.1" 200 16901
"GET /signup/ HTTP/1.1" 200 17316
"GET /login/ HTTP/1.1" 200 16901
"POST /login/ HTTP/1.1" 302 0
"GET / HTTP/1.1" 200 67893
"GET /items/ HTTP/1.1" 200 22837
"GET / HTTP/1.1" 200 67893
"GET /items/ HTTP/1.1" 200 22837
"GET / HTTP/1.1" 200 67893
"GET /admin/ HTTP/1.1" 200 11128
"GET /static/admin/img/icon-deletelink.svg HTTP/1.1" 200 392
"GET /dashboard/ HTTP/1.1" 200 17156
"GET /edit_profile/ HTTP/1.1" 200 24385
"GET / HTTP/1.1" 200 67893
"GET /dashboard/ HTTP/1.1" 200 17156
"GET /inbox/ HTTP/1.1" 200 16654
"GET /dashboard/ HTTP/1.1" 200 17156
"GET / HTTP/1.1" 200 67893
Watching for file changes with StatReloader
"GET / HTTP/1.1" 200 65064
"GET /static/images/fixedwidth%20mathi%20ko.png HTTP/1.1" 304 0
"GET /media/static/images/sliderasda.png HTTP/1.1" 304 0
"GET /media/static/images/nayaslider.png HTTP/1.1" 304 0
"GET /media/static/images/electricain.png HTTP/1.1" 304 0
"GET /media/static/images/plumber.png HTTP/1.1" 304 0
"GET /static/images/logo.png HTTP/1.1" 304 0
"GET /media/static/images/painter.png HTTP/1.1" 304 0
"GET /media/static/images/furniture.png HTTP/1.1" 304 0
"GET /media/static/images/conditioniong.png HTTP/1.1" 304 0
"GET /media/static/images/repairmen.png HTTP/1.1" 304 0
"GET /media/static/images/carpenter.png HTTP/1.1" 304 0
"GET /media/static/images/infophoto.png HTTP/1.1" 304 0
"GET /media/static/images/mechanic.png HTTP/1.1" 304 0
"GET /media/static/images/bichtirakonestfixer.png HTTP/1.1" 304 0
"GET /login/ HTTP/1.1" 200 16901
"POST /login/ HTTP/1.1" 200 17351
"POST /login/ HTTP/1.1" 200 17351
"POST /login/ HTTP/1.1" 200 17351
"POST /login/ HTTP/1.1" 200 17351
Too Many Requests: /login/
"POST /login/ HTTP/1.1" 429 64
